<?xml version="1.0" encoding="UTF-8"?>
<!-- Generated by org.testng.reporters.JUnitReportReporter -->
<testsuite skipped="0" hostname="YY059862" name="com.crm.qa.testcases.HomePageTest" tests="3" failures="0" timestamp="02 Oct 2018 01:09:11 GMT" time="74.056" errors="0">
  <testcase name="verifyHomePageTitleTest" time="23.650" classname="com.crm.qa.testcases.HomePageTest"/>
  <testcase name="verifyUserNameTest" time="27.383" classname="com.crm.qa.testcases.HomePageTest"/>
  <testcase name="verifyContactsLinkTest" time="23.023" classname="com.crm.qa.testcases.HomePageTest"/>
</testsuite> <!-- com.crm.qa.testcases.HomePageTest -->
