<?xml version="1.0" encoding="UTF-8"?>
<!-- Generated by org.testng.reporters.JUnitReportReporter -->
<testsuite skipped="0" hostname="YY059862" name="com.crm.qa.testcases.HomePageTest" tests="1" failures="0" timestamp="01 Oct 2018 23:56:11 GMT" time="36.131" errors="0">
  <testcase name="verifyHomePageTitleTest" time="36.131" classname="com.crm.qa.testcases.HomePageTest"/>
</testsuite> <!-- com.crm.qa.testcases.HomePageTest -->
