<?xml version="1.0" encoding="UTF-8"?>
<!-- Generated by org.testng.reporters.JUnitReportReporter -->
<testsuite skipped="0" hostname="YY059862" name="com.crm.qa.testcases.ContactsPageTest" tests="1" failures="0" timestamp="01 Oct 2018 23:56:11 GMT" time="50.870" errors="0">
  <testcase name="verifyContactsLabelTest" time="50.870" classname="com.crm.qa.testcases.ContactsPageTest"/>
</testsuite> <!-- com.crm.qa.testcases.ContactsPageTest -->
